This is pdfTeX, Version 3.1415926-2.5-1.40.14 (TeX Live 2013/Debian) (format=pdflatex 2015.9.19)  8 OCT 2015 02:14
entering extended mode
 restricted \write18 enabled.
 file:line:error style messages enabled.
 %&-line parsing enabled.
**\input ./hw2.tex
(./hw2.tex (/usr/share/texlive/texmf-dist/tex/latex/base/article.cls
Document Class: article 2007/10/19 v1.4h Standard LaTeX document class
(/usr/share/texlive/texmf-dist/tex/latex/base/size10.clo
File: size10.clo 2007/10/19 v1.4h Standard LaTeX file (size option)
)
\c@part=\count79
\c@section=\count80
\c@subsection=\count81
\c@subsubsection=\count82
\c@paragraph=\count83
\c@subparagraph=\count84
\c@figure=\count85
\c@table=\count86
\abovecaptionskip=\skip41
\belowcaptionskip=\skip42
\bibindent=\dimen102
)
(/usr/share/texlive/texmf-dist/tex/latex/listings/listings.sty
(/usr/share/texlive/texmf-dist/tex/latex/graphics/keyval.sty
Package: keyval 1999/03/16 v1.13 key=value parser (DPC)
\KV@toks@=\toks14
)
\lst@mode=\count87
\lst@gtempboxa=\box26
\lst@token=\toks15
\lst@length=\count88
\lst@currlwidth=\dimen103
\lst@column=\count89
\lst@pos=\count90
\lst@lostspace=\dimen104
\lst@width=\dimen105
\lst@newlines=\count91
\lst@lineno=\count92
\lst@maxwidth=\dimen106

(/usr/share/texlive/texmf-dist/tex/latex/listings/lstmisc.sty
File: lstmisc.sty 2013/08/26 1.5b (Carsten Heinz)
\c@lstnumber=\count93
\lst@skipnumbers=\count94
\lst@framebox=\box27
)
(/usr/share/texlive/texmf-dist/tex/latex/listings/listings.cfg
File: listings.cfg 2013/08/26 1.5b listings configuration
))
Package: listings 2013/08/26 1.5b (Carsten Heinz)

(/usr/share/texlive/texmf-dist/tex/latex/tools/verbatim.sty
Package: verbatim 2003/08/22 v1.5q LaTeX2e package for verbatim enhancements
\every@verbatim=\toks16
\verbatim@line=\toks17
\verbatim@in@stream=\read1
)
(/usr/share/texlive/texmf-dist/tex/latex/geometry/geometry.sty
Package: geometry 2010/09/12 v5.6 Page Geometry

(/usr/share/texlive/texmf-dist/tex/generic/oberdiek/ifpdf.sty
Package: ifpdf 2011/01/30 v2.3 Provides the ifpdf switch (HO)
Package ifpdf Info: pdfTeX in PDF mode is detected.
)
(/usr/share/texlive/texmf-dist/tex/generic/oberdiek/ifvtex.sty
Package: ifvtex 2010/03/01 v1.5 Detect VTeX and its facilities (HO)
Package ifvtex Info: VTeX not detected.
)
(/usr/share/texlive/texmf-dist/tex/generic/ifxetex/ifxetex.sty
Package: ifxetex 2010/09/12 v0.6 Provides ifxetex conditional
)
\Gm@cnth=\count95
\Gm@cntv=\count96
\c@Gm@tempcnt=\count97
\Gm@bindingoffset=\dimen107
\Gm@wd@mp=\dimen108
\Gm@odd@mp=\dimen109
\Gm@even@mp=\dimen110
\Gm@layoutwidth=\dimen111
\Gm@layoutheight=\dimen112
\Gm@layouthoffset=\dimen113
\Gm@layoutvoffset=\dimen114
\Gm@dimlist=\toks18
)
(/usr/share/texlive/texmf-dist/tex/latex/graphics/graphicx.sty
Package: graphicx 1999/02/16 v1.0f Enhanced LaTeX Graphics (DPC,SPQR)

(/usr/share/texlive/texmf-dist/tex/latex/graphics/graphics.sty
Package: graphics 2009/02/05 v1.0o Standard LaTeX Graphics (DPC,SPQR)

(/usr/share/texlive/texmf-dist/tex/latex/graphics/trig.sty
Package: trig 1999/03/16 v1.09 sin cos tan (DPC)
)
(/usr/share/texlive/texmf-dist/tex/latex/latexconfig/graphics.cfg
File: graphics.cfg 2010/04/23 v1.9 graphics configuration of TeX Live
)
Package graphics Info: Driver file: pdftex.def on input line 91.

(/usr/share/texlive/texmf-dist/tex/latex/pdftex-def/pdftex.def
File: pdftex.def 2011/05/27 v0.06d Graphics/color for pdfTeX

(/usr/share/texlive/texmf-dist/tex/generic/oberdiek/infwarerr.sty
Package: infwarerr 2010/04/08 v1.3 Providing info/warning/error messages (HO)
)
(/usr/share/texlive/texmf-dist/tex/generic/oberdiek/ltxcmds.sty
Package: ltxcmds 2011/11/09 v1.22 LaTeX kernel commands for general use (HO)
)
\Gread@gobject=\count98
))
\Gin@req@height=\dimen115
\Gin@req@width=\dimen116
)
(/usr/share/texlive/texmf-dist/tex/latex/float/float.sty
Package: float 2001/11/08 v1.3d Float enhancements (AL)
\c@float@type=\count99
\float@exts=\toks19
\float@box=\box28
\@float@everytoks=\toks20
\@floatcapt=\box29
) (./hw2.aux)
\openout1 = `hw2.aux'.

LaTeX Font Info:    Checking defaults for OML/cmm/m/it on input line 53.
LaTeX Font Info:    ... okay on input line 53.
LaTeX Font Info:    Checking defaults for T1/cmr/m/n on input line 53.
LaTeX Font Info:    ... okay on input line 53.
LaTeX Font Info:    Checking defaults for OT1/cmr/m/n on input line 53.
LaTeX Font Info:    ... okay on input line 53.
LaTeX Font Info:    Checking defaults for OMS/cmsy/m/n on input line 53.
LaTeX Font Info:    ... okay on input line 53.
LaTeX Font Info:    Checking defaults for OMX/cmex/m/n on input line 53.
LaTeX Font Info:    ... okay on input line 53.
LaTeX Font Info:    Checking defaults for U/cmr/m/n on input line 53.
LaTeX Font Info:    ... okay on input line 53.
\c@lstlisting=\count100

*geometry* driver: auto-detecting
*geometry* detected driver: pdftex
*geometry* verbose mode - [ preamble ] result:
* driver: pdftex
* paper: <default>
* layout: <same size as paper>
* layoutoffset:(h,v)=(0.0pt,0.0pt)
* modes: 
* h-part:(L,W,R)=(72.26999pt, 469.75502pt, 72.26999pt)
* v-part:(T,H,B)=(72.26999pt, 650.43001pt, 72.26999pt)
* \paperwidth=614.295pt
* \paperheight=794.96999pt
* \textwidth=469.75502pt
* \textheight=650.43001pt
* \oddsidemargin=0.0pt
* \evensidemargin=0.0pt
* \topmargin=-37.0pt
* \headheight=12.0pt
* \headsep=25.0pt
* \topskip=10.0pt
* \footskip=30.0pt
* \marginparwidth=65.0pt
* \marginparsep=11.0pt
* \columnsep=10.0pt
* \skip\footins=9.0pt plus 4.0pt minus 2.0pt
* \hoffset=0.0pt
* \voffset=0.0pt
* \mag=1000
* \@twocolumnfalse
* \@twosidefalse
* \@mparswitchfalse
* \@reversemarginfalse
* (1in=72.27pt=25.4mm, 1cm=28.453pt)

(/usr/share/texlive/texmf-dist/tex/context/base/supp-pdf.mkii
[Loading MPS to PDF converter (version 2006.09.02).]
\scratchcounter=\count101
\scratchdimen=\dimen117
\scratchbox=\box30
\nofMPsegments=\count102
\nofMParguments=\count103
\everyMPshowfont=\toks21
\MPscratchCnt=\count104
\MPscratchDim=\dimen118
\MPnumerator=\count105
\makeMPintoPDFobject=\count106
\everyMPtoPDFconversion=\toks22
) (/usr/share/texlive/texmf-dist/tex/generic/oberdiek/pdftexcmds.sty
Package: pdftexcmds 2011/11/29 v0.20 Utility functions of pdfTeX for LuaTeX (HO
)

(/usr/share/texlive/texmf-dist/tex/generic/oberdiek/ifluatex.sty
Package: ifluatex 2010/03/01 v1.3 Provides the ifluatex switch (HO)
Package ifluatex Info: LuaTeX not detected.
)
Package pdftexcmds Info: LuaTeX not detected.
Package pdftexcmds Info: \pdf@primitive is available.
Package pdftexcmds Info: \pdf@ifprimitive is available.
Package pdftexcmds Info: \pdfdraftmode found.
)
(/usr/share/texlive/texmf-dist/tex/latex/oberdiek/epstopdf-base.sty
Package: epstopdf-base 2010/02/09 v2.5 Base part for package epstopdf

(/usr/share/texlive/texmf-dist/tex/latex/oberdiek/grfext.sty
Package: grfext 2010/08/19 v1.1 Manage graphics extensions (HO)

(/usr/share/texlive/texmf-dist/tex/generic/oberdiek/kvdefinekeys.sty
Package: kvdefinekeys 2011/04/07 v1.3 Define keys (HO)
))
(/usr/share/texlive/texmf-dist/tex/latex/oberdiek/kvoptions.sty
Package: kvoptions 2011/06/30 v3.11 Key value format for package options (HO)

(/usr/share/texlive/texmf-dist/tex/generic/oberdiek/kvsetkeys.sty
Package: kvsetkeys 2012/04/25 v1.16 Key value parser (HO)

(/usr/share/texlive/texmf-dist/tex/generic/oberdiek/etexcmds.sty
Package: etexcmds 2011/02/16 v1.5 Avoid name clashes with e-TeX commands (HO)
Package etexcmds Info: Could not find \expanded.
(etexcmds)             That can mean that you are not using pdfTeX 1.50 or
(etexcmds)             that some package has redefined \expanded.
(etexcmds)             In the latter case, load this package earlier.
)))
Package grfext Info: Graphics extension search list:
(grfext)             [.png,.pdf,.jpg,.mps,.jpeg,.jbig2,.jb2,.PNG,.PDF,.JPG,.JPE
G,.JBIG2,.JB2,.eps]
(grfext)             \AppendGraphicsExtensions on input line 452.

(/usr/share/texlive/texmf-dist/tex/latex/latexconfig/epstopdf-sys.cfg
File: epstopdf-sys.cfg 2010/07/13 v1.3 Configuration of (r)epstopdf for TeX Liv
e
))
LaTeX Font Info:    External font `cmex10' loaded for size
(Font)              <12> on input line 54.
LaTeX Font Info:    External font `cmex10' loaded for size
(Font)              <8> on input line 54.
LaTeX Font Info:    External font `cmex10' loaded for size
(Font)              <6> on input line 54.

[1

{/var/lib/texmf/fonts/map/pdftex/updmap/pdftex.map}]
LaTeX Font Info:    External font `cmex10' loaded for size
(Font)              <7> on input line 57.
LaTeX Font Info:    External font `cmex10' loaded for size
(Font)              <5> on input line 57.

<fig1.JPG, id=9, 1943.26pt x 2601.72pt>
File: fig1.JPG Graphic file (type jpg)
 <use fig1.JPG>
Package pdftex.def Info: fig1.JPG used on input line 67.
(pdftex.def)             Requested size: 469.75502pt x 628.91156pt.
 [2] [3 <./fig1.JPG>]
<fig2.JPG, id=21, 2601.72pt x 1943.26pt>
File: fig2.JPG Graphic file (type jpg)
 <use fig2.JPG>
Package pdftex.def Info: fig2.JPG used on input line 74.
(pdftex.def)             Requested size: 469.75502pt x 350.86882pt.
 [4 <./fig2.JPG>]
[5]
Overfull \hbox (0.35614pt too wide) in paragraph at lines 89--89
[]\OT1/cmr/bx/n/14.4 Problem 4.39: Ap-ply-ing high fre-quency em-pha-sis and hi
s-togram
 []

[6] [7] <Q6/partA.png, id=38, 578.16pt x 433.62pt>
File: Q6/partA.png Graphic file (type png)
 <use Q6/partA.png>
Package pdftex.def Info: Q6/partA.png used on input line 107.
(pdftex.def)             Requested size: 469.75502pt x 352.31538pt.

<Q6/partB1.png, id=39, 578.16pt x 433.62pt>
File: Q6/partB1.png Graphic file (type png)
 <use Q6/partB1.png>
Package pdftex.def Info: Q6/partB1.png used on input line 112.
(pdftex.def)             Requested size: 469.75502pt x 352.31538pt.
 [8 <./Q6/partA.png>] <Q6/partB2.png, id=43, 578.16pt x 433.62pt>
File: Q6/partB2.png Graphic file (type png)
 <use Q6/partB2.png>
Package pdftex.def Info: Q6/partB2.png used on input line 117.
(pdftex.def)             Requested size: 469.75502pt x 352.31538pt.
 [9 <./Q6/partB1.png>] [10 <./Q6/partB2.png>] <Q7/partA.png, id=50, 578.16pt x 
433.62pt>
File: Q7/partA.png Graphic file (type png)

<use Q7/partA.png>
Package pdftex.def Info: Q7/partA.png used on input line 126.
(pdftex.def)             Requested size: 469.75502pt x 352.31538pt.
 <Q7/partB1.png, id=51, 578.16pt x 433.62pt>
File: Q7/partB1.png Graphic file (type png)

<use Q7/partB1.png>
Package pdftex.def Info: Q7/partB1.png used on input line 133.
(pdftex.def)             Requested size: 469.75502pt x 352.31538pt.
 <Q7/partB2.png, id=52, 578.16pt x 433.62pt>
File: Q7/partB2.png Graphic file (type png)

<use Q7/partB2.png>
Package pdftex.def Info: Q7/partB2.png used on input line 137.
(pdftex.def)             Requested size: 469.75502pt x 352.31538pt.
 [11 <./Q7/partA.png>]
<Q7/partB3.png, id=56, 578.16pt x 433.62pt>
File: Q7/partB3.png Graphic file (type png)
 <use Q7/partB3.png>
Package pdftex.def Info: Q7/partB3.png used on input line 141.
(pdftex.def)             Requested size: 469.75502pt x 352.31538pt.
 [12 <./Q7/partB1.png>] [13 <./Q7/partB2.png>] <Q7/partC1.png, id=64, 1605.8394
pt x 831.105pt>
File: Q7/partC1.png Graphic file (type png)

<use Q7/partC1.png>
Package pdftex.def Info: Q7/partC1.png used on input line 160.
(pdftex.def)             Requested size: 469.75502pt x 243.11942pt.
 [14 <./Q7/partB3.png>]
<Q7/partC2.png, id=68, 1605.8394pt x 831.105pt>
File: Q7/partC2.png Graphic file (type png)
 <use Q7/partC2.png>
Package pdftex.def Info: Q7/partC2.png used on input line 165.
(pdftex.def)             Requested size: 469.75502pt x 243.11942pt.

<Q7/partC3.png, id=69, 1605.8394pt x 831.105pt>
File: Q7/partC3.png Graphic file (type png)
 <use Q7/partC3.png>
Package pdftex.def Info: Q7/partC3.png used on input line 170.
(pdftex.def)             Requested size: 469.75502pt x 243.11942pt.
 [15 <./Q7/partC1.png> <./Q7/partC2.png>] <Q7/partD1.png, id=73, 578.16pt x 433
.62pt>
File: Q7/partD1.png Graphic file (type png)

<use Q7/partD1.png>
Package pdftex.def Info: Q7/partD1.png used on input line 188.
(pdftex.def)             Requested size: 469.75502pt x 352.31538pt.
 <Q7/partD2.png, id=74, 578.16pt x 433.62pt>
File: Q7/partD2.png Graphic file (type png)

<use Q7/partD2.png>
Package pdftex.def Info: Q7/partD2.png used on input line 192.
(pdftex.def)             Requested size: 469.75502pt x 352.31538pt.
 [16 <./Q7/partC3.png>] [17 <./Q7/partD1.png>]
<Q7/partE.png, id=81, 578.16pt x 433.62pt>
File: Q7/partE.png Graphic file (type png)
 <use Q7/partE.png>
Package pdftex.def Info: Q7/partE.png used on input line 198.
(pdftex.def)             Requested size: 469.75502pt x 352.31538pt.
 [18 <./Q7/partD2.png>] [19 <./Q7/partE.png>]
(/usr/share/texlive/texmf-dist/tex/latex/listings/lstlang1.sty
File: lstlang1.sty 2013/08/26 1.5b listings language file
) (./Q6/partA.m)
[20] (./Q6/partB.m [21]) [22] (./Q6/normalizeImage.m) [23] (./Q7/partA.m
LaTeX Font Info:    Try loading font information for OMS+cmr on input line 6.

(/usr/share/texlive/texmf-dist/tex/latex/base/omscmr.fd
File: omscmr.fd 1999/05/25 v2.5h Standard LaTeX font definitions
)
LaTeX Font Info:    Font shape `OMS/cmr/m/n' in size <10> not available
(Font)              Font shape `OMS/cmsy/m/n' tried instead on input line 6.
) [24] (./Q7/partB.m)
[25] (./Q7/partC.m) [26] (./Q7/spaceAndFreqFilter.m) [27] (./Q7/cylinderplot.m
LaTeX Font Info:    Try loading font information for OML+cmr on input line 4.

(/usr/share/texlive/texmf-dist/tex/latex/base/omlcmr.fd
File: omlcmr.fd 1999/05/25 v2.5h Standard LaTeX font definitions
)
LaTeX Font Info:    Font shape `OML/cmr/m/n' in size <10> not available
(Font)              Font shape `OML/cmm/m/it' tried instead on input line 4.
) (./Q7/gaussianplot.m) (./Q7/rectangleplot.m) [28] (./hw2.aux) ) 
Here is how much of TeX's memory you used:
 4027 strings out of 495028
 56612 string characters out of 6181497
 275642 words of memory out of 5000000
 7165 multiletter control sequences out of 15000+600000
 8241 words of font info for 29 fonts, out of 8000000 for 9000
 14 hyphenation exceptions out of 8191
 37i,8n,43p,508b,1541s stack positions out of 5000i,500n,10000p,200000b,80000s
</usr/share/te
xlive/texmf-dist/fonts/type1/public/amsfonts/cm/cmbx10.pfb></usr/share/texlive/
texmf-dist/fonts/type1/public/amsfonts/cm/cmbx12.pfb></usr/share/texlive/texmf-
dist/fonts/type1/public/amsfonts/cm/cmmi10.pfb></usr/share/texlive/texmf-dist/f
onts/type1/public/amsfonts/cm/cmmi5.pfb></usr/share/texlive/texmf-dist/fonts/ty
pe1/public/amsfonts/cm/cmmi7.pfb></usr/share/texlive/texmf-dist/fonts/type1/pub
lic/amsfonts/cm/cmr10.pfb></usr/share/texlive/texmf-dist/fonts/type1/public/ams
fonts/cm/cmr12.pfb></usr/share/texlive/texmf-dist/fonts/type1/public/amsfonts/c
m/cmr17.pfb></usr/share/texlive/texmf-dist/fonts/type1/public/amsfonts/cm/cmr5.
pfb></usr/share/texlive/texmf-dist/fonts/type1/public/amsfonts/cm/cmr7.pfb></us
r/share/texlive/texmf-dist/fonts/type1/public/amsfonts/cm/cmsy10.pfb></usr/shar
e/texlive/texmf-dist/fonts/type1/public/amsfonts/cm/cmsy7.pfb></usr/share/texli
ve/texmf-dist/fonts/type1/public/amsfonts/cm/cmti10.pfb>
Output written on hw2.pdf (28 pages, 5794283 bytes).
PDF statistics:
 162 PDF objects out of 1000 (max. 8388607)
 102 compressed objects within 2 object streams
 0 named destinations out of 1000 (max. 500000)
 76 words of extra memory for PDF output out of 10000 (max. 10000000)

